  [1m[35m (3.0ms)[0m  [1m[35mCREATE TABLE "schema_migrations" ("version" varchar NOT NULL PRIMARY KEY)[0m
  [1m[35m (1.3ms)[0m  [1m[35mCREATE TABLE "ar_internal_metadata" ("key" varchar NOT NULL PRIMARY KEY, "value" varchar, "created_at" datetime NOT NULL, "updated_at" datetime NOT NULL)[0m
  [1m[36mActiveRecord::SchemaMigration Load (0.3ms)[0m  [1m[34mSELECT "schema_migrations".* FROM "schema_migrations"[0m
Migrating to CreateUsers (20160719191240)
  [1m[35m (0.1ms)[0m  [1m[36mbegin transaction[0m
  [1m[35m (1.3ms)[0m  [1m[35mCREATE TABLE "users" ("id" INTEGER PRIMARY KEY AUTOINCREMENT NOT NULL, "username" varchar, "password_digest" varchar, "created_at" datetime NOT NULL, "updated_at" datetime NOT NULL)[0m
  [1m[35m (0.8ms)[0m  [1m[34mselect sqlite_version(*)[0m
  [1m[35m (0.4ms)[0m  [1m[35mCREATE UNIQUE INDEX "index_users_on_username" ON "users" ("username")[0m
  [1m[35mSQL (0.4ms)[0m  [1m[32mINSERT INTO "schema_migrations" ("version") VALUES (?)[0m  [["version", "20160719191240"]]
  [1m[35m (1.2ms)[0m  [1m[36mcommit transaction[0m
Migrating to CreateMessages (20160719235623)
  [1m[35m (1.0ms)[0m  [1m[36mbegin transaction[0m
  [1m[35m (1.9ms)[0m  [1m[35mCREATE TABLE "messages" ("id" INTEGER PRIMARY KEY AUTOINCREMENT NOT NULL, "content" text, "user_id" integer, "created_at" datetime NOT NULL, "updated_at" datetime NOT NULL)[0m
  [1m[35m (2.2ms)[0m  [1m[35mCREATE  INDEX "index_messages_on_user_id" ON "messages" ("user_id")[0m
  [1m[35mSQL (1.6ms)[0m  [1m[32mINSERT INTO "schema_migrations" ("version") VALUES (?)[0m  [["version", "20160719235623"]]
  [1m[35m (2.5ms)[0m  [1m[36mcommit transaction[0m
  [1m[36mActiveRecord::InternalMetadata Load (15.9ms)[0m  [1m[34mSELECT  "ar_internal_metadata".* FROM "ar_internal_metadata" WHERE "ar_internal_metadata"."key" = ? LIMIT ?[0m  [["key", :environment], ["LIMIT", 1]]
  [1m[35m (0.1ms)[0m  [1m[36mbegin transaction[0m
  [1m[35mSQL (0.6ms)[0m  [1m[32mINSERT INTO "ar_internal_metadata" ("key", "value", "created_at", "updated_at") VALUES (?, ?, ?, ?)[0m  [["key", "environment"], ["value", "development"], ["created_at", 2017-03-26 10:12:26 UTC], ["updated_at", 2017-03-26 10:12:26 UTC]]
  [1m[35m (1.2ms)[0m  [1m[36mcommit transaction[0m
  [1m[36mActiveRecord::SchemaMigration Load (0.4ms)[0m  [1m[34mSELECT "schema_migrations".* FROM "schema_migrations"[0m
  [1m[35m (0.2ms)[0m  [1m[34m            SELECT sql
            FROM sqlite_master
            WHERE name='index_messages_on_user_id' AND type='index'
            UNION ALL
            SELECT sql
            FROM sqlite_temp_master
            WHERE name='index_messages_on_user_id' AND type='index'
[0m
  [1m[35m (0.2ms)[0m  [1m[34m            SELECT sql
            FROM sqlite_master
            WHERE name='index_users_on_username' AND type='index'
            UNION ALL
            SELECT sql
            FROM sqlite_temp_master
            WHERE name='index_users_on_username' AND type='index'
[0m
  [1m[36mActiveRecord::SchemaMigration Load (0.4ms)[0m  [1m[34mSELECT "schema_migrations".* FROM "schema_migrations"[0m
  [1m[35m (0.1ms)[0m  [1m[36mbegin transaction[0m
  [1m[36mUser Exists (0.7ms)[0m  [1m[34mSELECT  1 AS one FROM "users" WHERE LOWER("users"."username") = LOWER(?) LIMIT ?[0m  [["username", "alice"], ["LIMIT", 1]]
  [1m[35mSQL (0.8ms)[0m  [1m[32mINSERT INTO "users" ("username", "password_digest", "created_at", "updated_at") VALUES (?, ?, ?, ?)[0m  [["username", "alice"], ["password_digest", "$2a$10$3K8oHDJGusyNFqNSUi6xRuFytc2fBcwl/fTaEKVfWjDQrwFW2foDq"], ["created_at", 2017-03-26 10:12:57 UTC], ["updated_at", 2017-03-26 10:12:57 UTC]]
  [1m[35m (1.2ms)[0m  [1m[36mcommit transaction[0m
  [1m[35m (0.1ms)[0m  [1m[36mbegin transaction[0m
  [1m[36mUser Exists (0.2ms)[0m  [1m[34mSELECT  1 AS one FROM "users" WHERE LOWER("users"."username") = LOWER(?) LIMIT ?[0m  [["username", "bob"], ["LIMIT", 1]]
  [1m[35mSQL (0.4ms)[0m  [1m[32mINSERT INTO "users" ("username", "password_digest", "created_at", "updated_at") VALUES (?, ?, ?, ?)[0m  [["username", "bob"], ["password_digest", "$2a$10$o4i4NNT5p0EUtK74C.HW4u3PSSXjE531kqx6r0tO1yAyZoP9Cmkrq"], ["created_at", 2017-03-26 10:12:57 UTC], ["updated_at", 2017-03-26 10:12:57 UTC]]
  [1m[35m (2.3ms)[0m  [1m[36mcommit transaction[0m
Started GET "/" for ::1 at 2017-03-26 12:21:30 +0200
  [1m[36mActiveRecord::SchemaMigration Load (0.2ms)[0m  [1m[34mSELECT "schema_migrations".* FROM "schema_migrations"[0m
Processing by MessagesController#index as HTML
  [1m[36mUser Load (0.2ms)[0m  [1m[34mSELECT  "users".* FROM "users" WHERE "users"."id" IS NULL LIMIT ?[0m  [["LIMIT", 1]]
Redirected to http://localhost:3000/login
Filter chain halted as :logged_in_user rendered or redirected
Completed 302 Found in 40ms (ActiveRecord: 0.5ms)


Started GET "/login" for ::1 at 2017-03-26 12:21:31 +0200
Processing by SessionsController#new as HTML
  Rendering sessions/new.html.erb within layouts/application
  Rendered sessions/new.html.erb within layouts/application (687.8ms)
WARNING on line 234 of /Users/diamant/Desktop/example/action_cable_chat_app/app/assets/stylesheets/main.sass:
This selector doesn't have any properties and will not be rendered.

  Rendered layouts/_logo.html.erb (0.8ms)
  [1m[36mUser Load (0.2ms)[0m  [1m[34mSELECT  "users".* FROM "users" WHERE "users"."id" IS NULL LIMIT ?[0m  [["LIMIT", 1]]
  Rendered layouts/_header.html.erb (6.5ms)
Completed 200 OK in 1917ms (Views: 1912.7ms | ActiveRecord: 0.2ms)


Started POST "/login" for ::1 at 2017-03-26 12:21:36 +0200
Processing by SessionsController#create as HTML
  Parameters: {"utf8"=>"✓", "authenticity_token"=>"FqN+OKjHKM24c+r+R15wKA23/WGT2vbNPMTuEDK0IGlGlDsnCWN35h+S5aYPHCBQSBGq6qhFcDFSrOioI1aigg==", "session"=>{"username"=>"teacher@example.com", "password"=>"[FILTERED]"}, "commit"=>"Log in"}
  [1m[36mUser Load (0.4ms)[0m  [1m[34mSELECT  "users".* FROM "users" WHERE "users"."username" = ? LIMIT ?[0m  [["username", "teacher@example.com"], ["LIMIT", 1]]
  Rendering sessions/new.html.erb within layouts/application
  Rendered sessions/new.html.erb within layouts/application (3.0ms)
  Rendered layouts/_logo.html.erb (0.8ms)
  [1m[36mUser Load (0.2ms)[0m  [1m[34mSELECT  "users".* FROM "users" WHERE "users"."id" IS NULL LIMIT ?[0m  [["LIMIT", 1]]
  Rendered layouts/_header.html.erb (6.5ms)
Completed 200 OK in 71ms (Views: 63.5ms | ActiveRecord: 0.7ms)


Started POST "/login" for ::1 at 2017-03-26 12:21:41 +0200
Processing by SessionsController#create as HTML
  Parameters: {"utf8"=>"✓", "authenticity_token"=>"HSAq8fU1WGb3LTWl+H96uFrhkE9JVeeA7sAeaIGRH9NNF2/uVJEHTVDMOv2wPSrAH0fHxHLKYXyAqBjQkHOdOA==", "session"=>{"username"=>"teacher@example.com", "password"=>"[FILTERED]"}, "commit"=>"Log in"}
  [1m[36mUser Load (0.1ms)[0m  [1m[34mSELECT  "users".* FROM "users" WHERE "users"."username" = ? LIMIT ?[0m  [["username", "teacher@example.com"], ["LIMIT", 1]]
  Rendering sessions/new.html.erb within layouts/application
  Rendered sessions/new.html.erb within layouts/application (4.5ms)
  Rendered layouts/_logo.html.erb (0.9ms)
  [1m[36mUser Load (0.2ms)[0m  [1m[34mSELECT  "users".* FROM "users" WHERE "users"."id" IS NULL LIMIT ?[0m  [["LIMIT", 1]]
  Rendered layouts/_header.html.erb (6.6ms)
Completed 200 OK in 76ms (Views: 73.7ms | ActiveRecord: 0.3ms)


Started GET "/login" for ::1 at 2017-03-26 12:22:04 +0200
Processing by SessionsController#new as HTML
  Rendering sessions/new.html.erb within layouts/application
  Rendered sessions/new.html.erb within layouts/application (3.0ms)
  Rendered layouts/_logo.html.erb (0.5ms)
  [1m[36mUser Load (0.2ms)[0m  [1m[34mSELECT  "users".* FROM "users" WHERE "users"."id" IS NULL LIMIT ?[0m  [["LIMIT", 1]]
  Rendered layouts/_header.html.erb (4.7ms)
Completed 200 OK in 53ms (Views: 50.0ms | ActiveRecord: 0.2ms)


Started POST "/login" for ::1 at 2017-03-26 12:22:46 +0200
Processing by SessionsController#create as HTML
  Parameters: {"utf8"=>"✓", "authenticity_token"=>"KQYQb6RagyqkXhOeziYcf2785C1jUXBOBvVf/ow3Tr95MVVwBf7cAQO/HMaGZEwHK1qzpljO9rJonVlGndXMVA==", "session"=>{"username"=>"alice", "password"=>"[FILTERED]"}, "commit"=>"Log in"}
  [1m[36mUser Load (0.1ms)[0m  [1m[34mSELECT  "users".* FROM "users" WHERE "users"."username" = ? LIMIT ?[0m  [["username", "alice"], ["LIMIT", 1]]
Redirected to http://localhost:3000/messages
Completed 302 Found in 107ms (ActiveRecord: 0.8ms)


Started GET "/messages" for ::1 at 2017-03-26 12:22:46 +0200
Processing by MessagesController#index as HTML
  [1m[36mUser Load (0.4ms)[0m  [1m[34mSELECT  "users".* FROM "users" WHERE "users"."id" = ? LIMIT ?[0m  [["id", 1], ["LIMIT", 1]]
  [1m[36mMessage Load (0.5ms)[0m  [1m[34mSELECT  "messages".* FROM "messages" ORDER BY "messages"."created_at" DESC LIMIT ?[0m  [["LIMIT", 50]]
  Rendering messages/index.html.erb within layouts/application
  Rendered messages/_messages.html.erb (0.6ms)
  Rendered messages/_message_form.html.erb (9.4ms)
  Rendered messages/index.html.erb within layouts/application (17.2ms)
  Rendered layouts/_logo.html.erb (0.7ms)
  Rendered layouts/_header.html.erb (5.6ms)
Completed 200 OK in 153ms (Views: 85.3ms | ActiveRecord: 1.6ms)


Started POST "/messages" for ::1 at 2017-03-26 12:22:50 +0200
Processing by MessagesController#create as HTML
  Parameters: {"utf8"=>"✓", "authenticity_token"=>"dFnEOYecvqWoQ4iG85wxVVknIeDOt7oDBtUKclogAm8kboEmJjjhjg+ih9673mEtHIF2a/UoPP9ovQzKS8KAhA==", "message"=>{"content"=>"asdas"}, "commit"=>"Send"}
  [1m[36mUser Load (0.2ms)[0m  [1m[34mSELECT  "users".* FROM "users" WHERE "users"."id" = ? LIMIT ?[0m  [["id", 1], ["LIMIT", 1]]
  [1m[36mMessage Load (0.4ms)[0m  [1m[34mSELECT  "messages".* FROM "messages" ORDER BY "messages"."created_at" DESC LIMIT ?[0m  [["LIMIT", 50]]
  [1m[35m (0.1ms)[0m  [1m[36mbegin transaction[0m
  [1m[35mSQL (0.9ms)[0m  [1m[32mINSERT INTO "messages" ("content", "user_id", "created_at", "updated_at") VALUES (?, ?, ?, ?)[0m  [["content", "asdas"], ["user_id", 1], ["created_at", 2017-03-26 10:22:50 UTC], ["updated_at", 2017-03-26 10:22:50 UTC]]
  [1m[35m (2.4ms)[0m  [1m[36mcommit transaction[0m
Redirected to http://localhost:3000/messages
Completed 302 Found in 20ms (ActiveRecord: 4.0ms)


Started GET "/messages" for ::1 at 2017-03-26 12:22:50 +0200
Processing by MessagesController#index as HTML
  [1m[36mUser Load (0.2ms)[0m  [1m[34mSELECT  "users".* FROM "users" WHERE "users"."id" = ? LIMIT ?[0m  [["id", 1], ["LIMIT", 1]]
  [1m[36mMessage Load (0.4ms)[0m  [1m[34mSELECT  "messages".* FROM "messages" ORDER BY "messages"."created_at" DESC LIMIT ?[0m  [["LIMIT", 50]]
  Rendering messages/index.html.erb within layouts/application
  [1m[36mCACHE (0.0ms)[0m  [1m[34mSELECT  "users".* FROM "users" WHERE "users"."id" = ? LIMIT ?[0m  [["id", 1], ["LIMIT", 1]]
  Rendered collection of messages/_message.html.erb [1 times] (5.0ms)
  Rendered messages/_messages.html.erb (10.0ms)
  Rendered messages/_message_form.html.erb (1.6ms)
  Rendered messages/index.html.erb within layouts/application (17.4ms)
  Rendered layouts/_logo.html.erb (0.7ms)
  Rendered layouts/_header.html.erb (4.2ms)
Completed 200 OK in 78ms (Views: 69.3ms | ActiveRecord: 0.7ms)


Started GET "/messages" for ::1 at 2017-03-26 12:22:58 +0200
Processing by MessagesController#index as HTML
  [1m[36mUser Load (0.1ms)[0m  [1m[34mSELECT  "users".* FROM "users" WHERE "users"."id" = ? LIMIT ?[0m  [["id", 1], ["LIMIT", 1]]
  [1m[36mMessage Load (0.2ms)[0m  [1m[34mSELECT  "messages".* FROM "messages" ORDER BY "messages"."created_at" DESC LIMIT ?[0m  [["LIMIT", 50]]
  Rendering messages/index.html.erb within layouts/application
  [1m[36mCACHE (0.0ms)[0m  [1m[34mSELECT  "users".* FROM "users" WHERE "users"."id" = ? LIMIT ?[0m  [["id", 1], ["LIMIT", 1]]
  Rendered collection of messages/_message.html.erb [1 times] (2.4ms)
  Rendered messages/_messages.html.erb (5.1ms)
  Rendered messages/_message_form.html.erb (2.1ms)
  Rendered messages/index.html.erb within layouts/application (13.4ms)
  Rendered layouts/_logo.html.erb (0.7ms)
  Rendered layouts/_header.html.erb (5.0ms)
Completed 200 OK in 65ms (Views: 57.5ms | ActiveRecord: 0.4ms)


Started GET "/messages" for ::1 at 2017-03-26 12:23:01 +0200
Processing by MessagesController#index as HTML
  [1m[36mUser Load (0.1ms)[0m  [1m[34mSELECT  "users".* FROM "users" WHERE "users"."id" = ? LIMIT ?[0m  [["id", 1], ["LIMIT", 1]]
  [1m[36mMessage Load (0.3ms)[0m  [1m[34mSELECT  "messages".* FROM "messages" ORDER BY "messages"."created_at" DESC LIMIT ?[0m  [["LIMIT", 50]]
  Rendering messages/index.html.erb within layouts/application
  [1m[36mCACHE (0.0ms)[0m  [1m[34mSELECT  "users".* FROM "users" WHERE "users"."id" = ? LIMIT ?[0m  [["id", 1], ["LIMIT", 1]]
  Rendered collection of messages/_message.html.erb [1 times] (2.2ms)
  Rendered messages/_messages.html.erb (4.9ms)
  Rendered messages/_message_form.html.erb (1.8ms)
  Rendered messages/index.html.erb within layouts/application (12.8ms)
  Rendered layouts/_logo.html.erb (0.9ms)
  Rendered layouts/_header.html.erb (4.3ms)
Completed 200 OK in 55ms (Views: 47.9ms | ActiveRecord: 0.5ms)


Started GET "/messages" for ::1 at 2017-03-26 12:23:04 +0200
Processing by MessagesController#index as HTML
  [1m[36mUser Load (0.1ms)[0m  [1m[34mSELECT  "users".* FROM "users" WHERE "users"."id" = ? LIMIT ?[0m  [["id", 1], ["LIMIT", 1]]
  [1m[36mMessage Load (0.5ms)[0m  [1m[34mSELECT  "messages".* FROM "messages" ORDER BY "messages"."created_at" DESC LIMIT ?[0m  [["LIMIT", 50]]
  Rendering messages/index.html.erb within layouts/application
  [1m[36mCACHE (0.0ms)[0m  [1m[34mSELECT  "users".* FROM "users" WHERE "users"."id" = ? LIMIT ?[0m  [["id", 1], ["LIMIT", 1]]
  Rendered collection of messages/_message.html.erb [1 times] (2.8ms)
  Rendered messages/_messages.html.erb (5.6ms)
  Rendered messages/_message_form.html.erb (1.5ms)
  Rendered messages/index.html.erb within layouts/application (12.5ms)
  Rendered layouts/_logo.html.erb (0.8ms)
  Rendered layouts/_header.html.erb (4.6ms)
Completed 200 OK in 58ms (Views: 49.7ms | ActiveRecord: 0.7ms)


Started DELETE "/logout" for ::1 at 2017-03-26 12:23:12 +0200
Processing by SessionsController#destroy as HTML
  Parameters: {"authenticity_token"=>"LpalpzdE42wQGQLb14Bbj47RLI9DkRPi2iMdOhnnx0h+oeC4luC8R7f4DYOfwgv3y3d7BHgOlR60SxuCCAVFow=="}
Redirected to http://localhost:3000/login
Completed 302 Found in 1ms (ActiveRecord: 0.0ms)


Started GET "/login" for ::1 at 2017-03-26 12:23:12 +0200
Processing by SessionsController#new as HTML
  Rendering sessions/new.html.erb within layouts/application
  Rendered sessions/new.html.erb within layouts/application (2.0ms)
  Rendered layouts/_logo.html.erb (0.5ms)
  [1m[36mUser Load (0.2ms)[0m  [1m[34mSELECT  "users".* FROM "users" WHERE "users"."id" IS NULL LIMIT ?[0m  [["LIMIT", 1]]
  Rendered layouts/_header.html.erb (3.9ms)
Completed 200 OK in 46ms (Views: 40.8ms | ActiveRecord: 0.2ms)


Started POST "/login" for ::1 at 2017-03-26 12:23:18 +0200
Processing by SessionsController#create as HTML
  Parameters: {"utf8"=>"✓", "authenticity_token"=>"5FZ1JoszVKFaA6Ew6q7h7LVzMay+0XroV/VePVqfMx60YTA5KpcLiv3irmii7LGU8NVmJ4VO/BQ5nViFS32x9Q==", "session"=>{"username"=>"alice", "password"=>"[FILTERED]"}, "commit"=>"Log in"}
  [1m[36mUser Load (0.2ms)[0m  [1m[34mSELECT  "users".* FROM "users" WHERE "users"."username" = ? LIMIT ?[0m  [["username", "alice"], ["LIMIT", 1]]
Redirected to http://localhost:3000/messages
Completed 302 Found in 87ms (ActiveRecord: 0.2ms)


Started GET "/messages" for ::1 at 2017-03-26 12:23:18 +0200
Processing by MessagesController#index as HTML
  [1m[36mUser Load (0.2ms)[0m  [1m[34mSELECT  "users".* FROM "users" WHERE "users"."id" = ? LIMIT ?[0m  [["id", 1], ["LIMIT", 1]]
  [1m[36mMessage Load (0.3ms)[0m  [1m[34mSELECT  "messages".* FROM "messages" ORDER BY "messages"."created_at" DESC LIMIT ?[0m  [["LIMIT", 50]]
  Rendering messages/index.html.erb within layouts/application
  [1m[36mCACHE (0.0ms)[0m  [1m[34mSELECT  "users".* FROM "users" WHERE "users"."id" = ? LIMIT ?[0m  [["id", 1], ["LIMIT", 1]]
  Rendered collection of messages/_message.html.erb [1 times] (2.1ms)
  Rendered messages/_messages.html.erb (5.3ms)
  Rendered messages/_message_form.html.erb (1.3ms)
  Rendered messages/index.html.erb within layouts/application (12.2ms)
  Rendered layouts/_logo.html.erb (0.7ms)
  Rendered layouts/_header.html.erb (4.1ms)
Completed 200 OK in 61ms (Views: 53.8ms | ActiveRecord: 0.6ms)


Started POST "/messages" for ::1 at 2017-03-26 12:23:24 +0200
Processing by MessagesController#create as HTML
  Parameters: {"utf8"=>"✓", "authenticity_token"=>"oOFPZaRBwSRY1xY3TJlmU5qPH95Y7YY8yVh2ilFNUxnw1gp6BeWeD/82GW8E2zYr3ylIVWNyAMCnMHAyQK/R8g==", "message"=>{"content"=>"SI je a je mire"}, "commit"=>"Send"}
  [1m[36mUser Load (0.1ms)[0m  [1m[34mSELECT  "users".* FROM "users" WHERE "users"."id" = ? LIMIT ?[0m  [["id", 1], ["LIMIT", 1]]
  [1m[36mMessage Load (0.2ms)[0m  [1m[34mSELECT  "messages".* FROM "messages" ORDER BY "messages"."created_at" DESC LIMIT ?[0m  [["LIMIT", 50]]
  [1m[35m (0.1ms)[0m  [1m[36mbegin transaction[0m
  [1m[35mSQL (0.5ms)[0m  [1m[32mINSERT INTO "messages" ("content", "user_id", "created_at", "updated_at") VALUES (?, ?, ?, ?)[0m  [["content", "SI je a je mire"], ["user_id", 1], ["created_at", 2017-03-26 10:23:24 UTC], ["updated_at", 2017-03-26 10:23:24 UTC]]
  [1m[35m (2.7ms)[0m  [1m[36mcommit transaction[0m
Redirected to http://localhost:3000/messages
Completed 302 Found in 13ms (ActiveRecord: 3.7ms)


Started GET "/messages" for ::1 at 2017-03-26 12:23:24 +0200
Processing by MessagesController#index as HTML
  [1m[36mUser Load (0.2ms)[0m  [1m[34mSELECT  "users".* FROM "users" WHERE "users"."id" = ? LIMIT ?[0m  [["id", 1], ["LIMIT", 1]]
  [1m[36mMessage Load (0.4ms)[0m  [1m[34mSELECT  "messages".* FROM "messages" ORDER BY "messages"."created_at" DESC LIMIT ?[0m  [["LIMIT", 50]]
  Rendering messages/index.html.erb within layouts/application
  [1m[36mCACHE (0.0ms)[0m  [1m[34mSELECT  "users".* FROM "users" WHERE "users"."id" = ? LIMIT ?[0m  [["id", 1], ["LIMIT", 1]]
  [1m[36mCACHE (0.0ms)[0m  [1m[34mSELECT  "users".* FROM "users" WHERE "users"."id" = ? LIMIT ?[0m  [["id", 1], ["LIMIT", 1]]
  Rendered collection of messages/_message.html.erb [2 times] (3.5ms)
  Rendered messages/_messages.html.erb (8.3ms)
  Rendered messages/_message_form.html.erb (1.3ms)
  Rendered messages/index.html.erb within layouts/application (14.9ms)
  Rendered layouts/_logo.html.erb (0.4ms)
  Rendered layouts/_header.html.erb (3.3ms)
Completed 200 OK in 58ms (Views: 48.3ms | ActiveRecord: 0.6ms)


Started GET "/messages" for ::1 at 2017-03-26 12:28:13 +0200
Processing by MessagesController#index as HTML
  [1m[36mUser Load (0.1ms)[0m  [1m[34mSELECT  "users".* FROM "users" WHERE "users"."id" = ? LIMIT ?[0m  [["id", 1], ["LIMIT", 1]]
  [1m[36mMessage Load (0.3ms)[0m  [1m[34mSELECT  "messages".* FROM "messages" ORDER BY "messages"."created_at" DESC LIMIT ?[0m  [["LIMIT", 50]]
  Rendering messages/index.html.erb within layouts/application
  [1m[36mCACHE (0.0ms)[0m  [1m[34mSELECT  "users".* FROM "users" WHERE "users"."id" = ? LIMIT ?[0m  [["id", 1], ["LIMIT", 1]]
  [1m[36mCACHE (0.0ms)[0m  [1m[34mSELECT  "users".* FROM "users" WHERE "users"."id" = ? LIMIT ?[0m  [["id", 1], ["LIMIT", 1]]
  Rendered collection of messages/_message.html.erb [2 times] (3.6ms)
  Rendered messages/_messages.html.erb (6.5ms)
  Rendered messages/_message_form.html.erb (1.4ms)
  Rendered messages/index.html.erb within layouts/application (14.3ms)
  Rendered layouts/_logo.html.erb (0.6ms)
  Rendered layouts/_header.html.erb (5.4ms)
Completed 200 OK in 121ms (Views: 115.3ms | ActiveRecord: 0.4ms)


Started GET "/" for ::1 at 2017-03-26 12:28:18 +0200
Processing by MessagesController#index as HTML
  [1m[36mUser Load (0.2ms)[0m  [1m[34mSELECT  "users".* FROM "users" WHERE "users"."id" IS NULL LIMIT ?[0m  [["LIMIT", 1]]
Redirected to http://localhost:3000/login
Filter chain halted as :logged_in_user rendered or redirected
Completed 302 Found in 2ms (ActiveRecord: 0.2ms)


Started GET "/login" for ::1 at 2017-03-26 12:28:18 +0200
Processing by SessionsController#new as HTML
  Rendering sessions/new.html.erb within layouts/application
  Rendered sessions/new.html.erb within layouts/application (2.0ms)
  Rendered layouts/_logo.html.erb (0.4ms)
  [1m[36mUser Load (0.2ms)[0m  [1m[34mSELECT  "users".* FROM "users" WHERE "users"."id" IS NULL LIMIT ?[0m  [["LIMIT", 1]]
  Rendered layouts/_header.html.erb (3.7ms)
Completed 200 OK in 41ms (Views: 37.7ms | ActiveRecord: 0.2ms)


Started GET "/" for ::1 at 2017-03-26 12:28:19 +0200
Processing by MessagesController#index as HTML
  [1m[36mUser Load (0.6ms)[0m  [1m[34mSELECT  "users".* FROM "users" WHERE "users"."id" IS NULL LIMIT ?[0m  [["LIMIT", 1]]
Redirected to http://localhost:3000/login
Filter chain halted as :logged_in_user rendered or redirected
Completed 302 Found in 4ms (ActiveRecord: 0.6ms)


Started GET "/login" for ::1 at 2017-03-26 12:28:19 +0200
Processing by SessionsController#new as HTML
  Rendering sessions/new.html.erb within layouts/application
  Rendered sessions/new.html.erb within layouts/application (3.3ms)
  Rendered layouts/_logo.html.erb (0.7ms)
  [1m[36mUser Load (0.3ms)[0m  [1m[34mSELECT  "users".* FROM "users" WHERE "users"."id" IS NULL LIMIT ?[0m  [["LIMIT", 1]]
  Rendered layouts/_header.html.erb (4.7ms)
Completed 200 OK in 47ms (Views: 43.6ms | ActiveRecord: 0.3ms)


Started GET "/login" for ::1 at 2017-03-26 12:28:23 +0200
Processing by SessionsController#new as HTML
  Rendering sessions/new.html.erb within layouts/application
  Rendered sessions/new.html.erb within layouts/application (2.5ms)
  Rendered layouts/_logo.html.erb (0.5ms)
  [1m[36mUser Load (0.2ms)[0m  [1m[34mSELECT  "users".* FROM "users" WHERE "users"."id" IS NULL LIMIT ?[0m  [["LIMIT", 1]]
  Rendered layouts/_header.html.erb (4.4ms)
Completed 200 OK in 49ms (Views: 45.0ms | ActiveRecord: 0.2ms)


Started POST "/login" for ::1 at 2017-03-26 12:28:35 +0200
Processing by SessionsController#create as HTML
  Parameters: {"utf8"=>"✓", "authenticity_token"=>"eReiUbOA+Gea4TTBA7+WLpx0b5tcTbKF4iZo0tf0h3cQCHRUww9PKfP6s9CL+RV9qppMnD6hg3jbyeCHTcuMBg==", "session"=>{"username"=>"alice", "password"=>"[FILTERED]"}, "commit"=>"Log in"}
  [1m[36mUser Load (0.3ms)[0m  [1m[34mSELECT  "users".* FROM "users" WHERE "users"."username" = ? LIMIT ?[0m  [["username", "alice"], ["LIMIT", 1]]
Redirected to http://localhost:3000/messages
Completed 302 Found in 89ms (ActiveRecord: 0.3ms)


Started GET "/messages" for ::1 at 2017-03-26 12:28:35 +0200
Processing by MessagesController#index as HTML
  [1m[36mUser Load (0.2ms)[0m  [1m[34mSELECT  "users".* FROM "users" WHERE "users"."id" = ? LIMIT ?[0m  [["id", 1], ["LIMIT", 1]]
  [1m[36mMessage Load (0.5ms)[0m  [1m[34mSELECT  "messages".* FROM "messages" ORDER BY "messages"."created_at" DESC LIMIT ?[0m  [["LIMIT", 50]]
  Rendering messages/index.html.erb within layouts/application
  [1m[36mCACHE (0.0ms)[0m  [1m[34mSELECT  "users".* FROM "users" WHERE "users"."id" = ? LIMIT ?[0m  [["id", 1], ["LIMIT", 1]]
  [1m[36mCACHE (0.0ms)[0m  [1m[34mSELECT  "users".* FROM "users" WHERE "users"."id" = ? LIMIT ?[0m  [["id", 1], ["LIMIT", 1]]
  Rendered collection of messages/_message.html.erb [2 times] (3.2ms)
  Rendered messages/_messages.html.erb (6.1ms)
  Rendered messages/_message_form.html.erb (1.4ms)
  Rendered messages/index.html.erb within layouts/application (12.8ms)
  Rendered layouts/_logo.html.erb (0.5ms)
  Rendered layouts/_header.html.erb (3.7ms)
Completed 200 OK in 52ms (Views: 45.7ms | ActiveRecord: 0.7ms)


Started GET "/messages" for ::1 at 2017-03-26 12:28:40 +0200
Processing by MessagesController#index as HTML
  [1m[36mUser Load (0.1ms)[0m  [1m[34mSELECT  "users".* FROM "users" WHERE "users"."id" = ? LIMIT ?[0m  [["id", 1], ["LIMIT", 1]]
  [1m[36mMessage Load (0.3ms)[0m  [1m[34mSELECT  "messages".* FROM "messages" ORDER BY "messages"."created_at" DESC LIMIT ?[0m  [["LIMIT", 50]]
  Rendering messages/index.html.erb within layouts/application
  [1m[36mCACHE (0.0ms)[0m  [1m[34mSELECT  "users".* FROM "users" WHERE "users"."id" = ? LIMIT ?[0m  [["id", 1], ["LIMIT", 1]]
  [1m[36mCACHE (0.0ms)[0m  [1m[34mSELECT  "users".* FROM "users" WHERE "users"."id" = ? LIMIT ?[0m  [["id", 1], ["LIMIT", 1]]
  Rendered collection of messages/_message.html.erb [2 times] (3.2ms)
  Rendered messages/_messages.html.erb (5.5ms)
  Rendered messages/_message_form.html.erb (1.3ms)
  Rendered messages/index.html.erb within layouts/application (11.4ms)
  Rendered layouts/_logo.html.erb (0.6ms)
  Rendered layouts/_header.html.erb (3.3ms)
Completed 200 OK in 53ms (Views: 45.3ms | ActiveRecord: 0.4ms)


Started GET "/messages" for ::1 at 2017-03-26 12:32:22 +0200
Processing by MessagesController#index as HTML
  [1m[36mUser Load (0.1ms)[0m  [1m[34mSELECT  "users".* FROM "users" WHERE "users"."id" = ? LIMIT ?[0m  [["id", 1], ["LIMIT", 1]]
  [1m[36mMessage Load (0.2ms)[0m  [1m[34mSELECT  "messages".* FROM "messages" ORDER BY "messages"."created_at" DESC LIMIT ?[0m  [["LIMIT", 50]]
  Rendering messages/index.html.erb within layouts/application
  [1m[36mCACHE (0.0ms)[0m  [1m[34mSELECT  "users".* FROM "users" WHERE "users"."id" = ? LIMIT ?[0m  [["id", 1], ["LIMIT", 1]]
  [1m[36mCACHE (0.0ms)[0m  [1m[34mSELECT  "users".* FROM "users" WHERE "users"."id" = ? LIMIT ?[0m  [["id", 1], ["LIMIT", 1]]
  Rendered collection of messages/_message.html.erb [2 times] (4.2ms)
  Rendered messages/_messages.html.erb (6.9ms)
  Rendered messages/_message_form.html.erb (1.3ms)
  Rendered messages/index.html.erb within layouts/application (13.3ms)
  Rendered layouts/_logo.html.erb (0.6ms)
  Rendered layouts/_header.html.erb (4.9ms)
Completed 200 OK in 124ms (Views: 117.5ms | ActiveRecord: 0.4ms)


Started GET "/messages" for ::1 at 2017-03-26 12:35:23 +0200
Processing by MessagesController#index as HTML
  [1m[36mUser Load (0.6ms)[0m  [1m[34mSELECT  "users".* FROM "users" WHERE "users"."id" = ? LIMIT ?[0m  [["id", 1], ["LIMIT", 1]]
  [1m[36mMessage Load (0.7ms)[0m  [1m[34mSELECT  "messages".* FROM "messages" ORDER BY "messages"."created_at" DESC LIMIT ?[0m  [["LIMIT", 50]]
  Rendering messages/index.html.erb within layouts/application
  [1m[36mCACHE (0.0ms)[0m  [1m[34mSELECT  "users".* FROM "users" WHERE "users"."id" = ? LIMIT ?[0m  [["id", 1], ["LIMIT", 1]]
  [1m[36mCACHE (0.0ms)[0m  [1m[34mSELECT  "users".* FROM "users" WHERE "users"."id" = ? LIMIT ?[0m  [["id", 1], ["LIMIT", 1]]
  Rendered collection of messages/_message.html.erb [2 times] (3.8ms)
  Rendered messages/_messages.html.erb (6.1ms)
  Rendered messages/_message_form.html.erb (1.7ms)
  Rendered messages/index.html.erb within layouts/application (13.2ms)
  Rendered layouts/_logo.html.erb (0.9ms)
  Rendered layouts/_header.html.erb (6.2ms)
Completed 200 OK in 118ms (Views: 110.1ms | ActiveRecord: 1.3ms)


Started GET "/messages" for ::1 at 2017-03-26 12:36:20 +0200
Processing by MessagesController#index as HTML
  [1m[36mUser Load (0.6ms)[0m  [1m[34mSELECT  "users".* FROM "users" WHERE "users"."id" = ? LIMIT ?[0m  [["id", 1], ["LIMIT", 1]]
  [1m[36mMessage Load (0.4ms)[0m  [1m[34mSELECT  "messages".* FROM "messages" ORDER BY "messages"."created_at" DESC LIMIT ?[0m  [["LIMIT", 50]]
  Rendering messages/index.html.erb within layouts/application
  [1m[36mCACHE (0.0ms)[0m  [1m[34mSELECT  "users".* FROM "users" WHERE "users"."id" = ? LIMIT ?[0m  [["id", 1], ["LIMIT", 1]]
  [1m[36mCACHE (0.0ms)[0m  [1m[34mSELECT  "users".* FROM "users" WHERE "users"."id" = ? LIMIT ?[0m  [["id", 1], ["LIMIT", 1]]
  Rendered collection of messages/_message.html.erb [2 times] (2.9ms)
  Rendered messages/_messages.html.erb (5.3ms)
  Rendered messages/_message_form.html.erb (1.2ms)
  Rendered messages/index.html.erb within layouts/application (10.9ms)
  Rendered layouts/_logo.html.erb (0.8ms)
  Rendered layouts/_header.html.erb (4.7ms)
Completed 200 OK in 115ms (Views: 106.8ms | ActiveRecord: 1.1ms)


Started GET "/messages" for ::1 at 2017-03-26 12:36:35 +0200
Processing by MessagesController#index as HTML
  [1m[36mUser Load (0.1ms)[0m  [1m[34mSELECT  "users".* FROM "users" WHERE "users"."id" = ? LIMIT ?[0m  [["id", 1], ["LIMIT", 1]]
  [1m[36mMessage Load (0.5ms)[0m  [1m[34mSELECT  "messages".* FROM "messages" ORDER BY "messages"."created_at" DESC LIMIT ?[0m  [["LIMIT", 50]]
  Rendering messages/index.html.erb within layouts/application
  [1m[36mCACHE (0.0ms)[0m  [1m[34mSELECT  "users".* FROM "users" WHERE "users"."id" = ? LIMIT ?[0m  [["id", 1], ["LIMIT", 1]]
  [1m[36mCACHE (0.0ms)[0m  [1m[34mSELECT  "users".* FROM "users" WHERE "users"."id" = ? LIMIT ?[0m  [["id", 1], ["LIMIT", 1]]
  Rendered collection of messages/_message.html.erb [2 times] (2.9ms)
  Rendered messages/_messages.html.erb (5.1ms)
  Rendered messages/_message_form.html.erb (1.5ms)
  Rendered messages/index.html.erb within layouts/application (11.1ms)
  Rendered layouts/_logo.html.erb (0.6ms)
  Rendered layouts/_header.html.erb (3.6ms)
Completed 200 OK in 52ms (Views: 44.1ms | ActiveRecord: 0.7ms)


Started GET "/messages" for ::1 at 2017-03-26 12:36:36 +0200
Processing by MessagesController#index as HTML
  [1m[36mUser Load (0.1ms)[0m  [1m[34mSELECT  "users".* FROM "users" WHERE "users"."id" = ? LIMIT ?[0m  [["id", 1], ["LIMIT", 1]]
  [1m[36mMessage Load (0.3ms)[0m  [1m[34mSELECT  "messages".* FROM "messages" ORDER BY "messages"."created_at" DESC LIMIT ?[0m  [["LIMIT", 50]]
  Rendering messages/index.html.erb within layouts/application
  [1m[36mCACHE (0.0ms)[0m  [1m[34mSELECT  "users".* FROM "users" WHERE "users"."id" = ? LIMIT ?[0m  [["id", 1], ["LIMIT", 1]]
  [1m[36mCACHE (0.0ms)[0m  [1m[34mSELECT  "users".* FROM "users" WHERE "users"."id" = ? LIMIT ?[0m  [["id", 1], ["LIMIT", 1]]
  Rendered collection of messages/_message.html.erb [2 times] (4.0ms)
  Rendered messages/_messages.html.erb (6.1ms)
  Rendered messages/_message_form.html.erb (1.3ms)
  Rendered messages/index.html.erb within layouts/application (11.6ms)
  Rendered layouts/_logo.html.erb (0.5ms)
  Rendered layouts/_header.html.erb (3.1ms)
Completed 200 OK in 50ms (Views: 43.2ms | ActiveRecord: 0.5ms)


Started GET "/messages" for ::1 at 2017-03-26 16:53:40 +0200
Processing by MessagesController#index as HTML
  [1m[36mUser Load (0.2ms)[0m  [1m[34mSELECT  "users".* FROM "users" WHERE "users"."id" = ? LIMIT ?[0m  [["id", 1], ["LIMIT", 1]]
  [1m[36mMessage Load (0.2ms)[0m  [1m[34mSELECT  "messages".* FROM "messages" ORDER BY "messages"."created_at" DESC LIMIT ?[0m  [["LIMIT", 50]]
  Rendering messages/index.html.erb within layouts/application
  [1m[36mCACHE (0.0ms)[0m  [1m[34mSELECT  "users".* FROM "users" WHERE "users"."id" = ? LIMIT ?[0m  [["id", 1], ["LIMIT", 1]]
  [1m[36mCACHE (0.0ms)[0m  [1m[34mSELECT  "users".* FROM "users" WHERE "users"."id" = ? LIMIT ?[0m  [["id", 1], ["LIMIT", 1]]
  Rendered collection of messages/_message.html.erb [2 times] (3.4ms)
  Rendered messages/_messages.html.erb (5.5ms)
  Rendered messages/_message_form.html.erb (1.5ms)
  Rendered messages/index.html.erb within layouts/application (11.4ms)
  Rendered layouts/_logo.html.erb (0.4ms)
  Rendered layouts/_header.html.erb (3.0ms)
Completed 200 OK in 59ms (Views: 53.4ms | ActiveRecord: 0.4ms)


Started GET "/messages" for ::1 at 2017-03-26 17:04:16 +0200
Processing by MessagesController#index as HTML
  [1m[36mUser Load (0.1ms)[0m  [1m[34mSELECT  "users".* FROM "users" WHERE "users"."id" = ? LIMIT ?[0m  [["id", 1], ["LIMIT", 1]]
  [1m[36mMessage Load (0.2ms)[0m  [1m[34mSELECT  "messages".* FROM "messages" ORDER BY "messages"."created_at" DESC LIMIT ?[0m  [["LIMIT", 50]]
  Rendering messages/index.html.erb within layouts/application
  [1m[36mCACHE (0.0ms)[0m  [1m[34mSELECT  "users".* FROM "users" WHERE "users"."id" = ? LIMIT ?[0m  [["id", 1], ["LIMIT", 1]]
  [1m[36mCACHE (0.0ms)[0m  [1m[34mSELECT  "users".* FROM "users" WHERE "users"."id" = ? LIMIT ?[0m  [["id", 1], ["LIMIT", 1]]
  Rendered collection of messages/_message.html.erb [2 times] (3.3ms)
  Rendered messages/_messages.html.erb (5.8ms)
  Rendered messages/_message_form.html.erb (1.6ms)
  Rendered messages/index.html.erb within layouts/application (12.4ms)
  Rendered layouts/_logo.html.erb (0.5ms)
  Rendered layouts/_header.html.erb (5.5ms)
Completed 200 OK in 64ms (Views: 56.2ms | ActiveRecord: 0.4ms)


Started GET "/messages" for ::1 at 2017-03-26 17:04:17 +0200
Processing by MessagesController#index as HTML
  [1m[36mUser Load (0.1ms)[0m  [1m[34mSELECT  "users".* FROM "users" WHERE "users"."id" = ? LIMIT ?[0m  [["id", 1], ["LIMIT", 1]]
  [1m[36mMessage Load (0.4ms)[0m  [1m[34mSELECT  "messages".* FROM "messages" ORDER BY "messages"."created_at" DESC LIMIT ?[0m  [["LIMIT", 50]]
  Rendering messages/index.html.erb within layouts/application
  [1m[36mCACHE (0.0ms)[0m  [1m[34mSELECT  "users".* FROM "users" WHERE "users"."id" = ? LIMIT ?[0m  [["id", 1], ["LIMIT", 1]]
  [1m[36mCACHE (0.0ms)[0m  [1m[34mSELECT  "users".* FROM "users" WHERE "users"."id" = ? LIMIT ?[0m  [["id", 1], ["LIMIT", 1]]
  Rendered collection of messages/_message.html.erb [2 times] (3.3ms)
  Rendered messages/_messages.html.erb (5.9ms)
  Rendered messages/_message_form.html.erb (1.3ms)
  Rendered messages/index.html.erb within layouts/application (11.7ms)
  Rendered layouts/_logo.html.erb (0.5ms)
  Rendered layouts/_header.html.erb (3.6ms)
Completed 200 OK in 50ms (Views: 44.2ms | ActiveRecord: 0.5ms)


Started GET "/messages" for ::1 at 2017-03-26 17:06:17 +0200
Processing by MessagesController#index as HTML
  [1m[36mUser Load (0.1ms)[0m  [1m[34mSELECT  "users".* FROM "users" WHERE "users"."id" = ? LIMIT ?[0m  [["id", 1], ["LIMIT", 1]]
  [1m[36mMessage Load (0.2ms)[0m  [1m[34mSELECT  "messages".* FROM "messages" ORDER BY "messages"."created_at" DESC LIMIT ?[0m  [["LIMIT", 50]]
  Rendering messages/index.html.erb within layouts/application
  [1m[36mCACHE (0.0ms)[0m  [1m[34mSELECT  "users".* FROM "users" WHERE "users"."id" = ? LIMIT ?[0m  [["id", 1], ["LIMIT", 1]]
  [1m[36mCACHE (0.0ms)[0m  [1m[34mSELECT  "users".* FROM "users" WHERE "users"."id" = ? LIMIT ?[0m  [["id", 1], ["LIMIT", 1]]
  Rendered collection of messages/_message.html.erb [2 times] (3.1ms)
  Rendered messages/_messages.html.erb (5.3ms)
  Rendered messages/_message_form.html.erb (1.8ms)
  Rendered messages/index.html.erb within layouts/application (11.9ms)
  Rendered layouts/_logo.html.erb (0.6ms)
  Rendered layouts/_header.html.erb (6.1ms)
Completed 200 OK in 124ms (Views: 117.6ms | ActiveRecord: 0.4ms)


Started GET "/messages" for ::1 at 2017-03-26 17:09:00 +0200
Processing by MessagesController#index as HTML
  [1m[36mUser Load (0.2ms)[0m  [1m[34mSELECT  "users".* FROM "users" WHERE "users"."id" = ? LIMIT ?[0m  [["id", 1], ["LIMIT", 1]]
  [1m[36mMessage Load (0.6ms)[0m  [1m[34mSELECT  "messages".* FROM "messages" ORDER BY "messages"."created_at" DESC LIMIT ?[0m  [["LIMIT", 50]]
  Rendering messages/index.html.erb within layouts/application
  [1m[36mCACHE (0.0ms)[0m  [1m[34mSELECT  "users".* FROM "users" WHERE "users"."id" = ? LIMIT ?[0m  [["id", 1], ["LIMIT", 1]]
  [1m[36mCACHE (0.0ms)[0m  [1m[34mSELECT  "users".* FROM "users" WHERE "users"."id" = ? LIMIT ?[0m  [["id", 1], ["LIMIT", 1]]
  Rendered collection of messages/_message.html.erb [2 times] (5.3ms)
  Rendered messages/_messages.html.erb (8.5ms)
  Rendered messages/_message_form.html.erb (1.9ms)
  Rendered messages/index.html.erb within layouts/application (19.2ms)
  Rendered layouts/_logo.html.erb (0.5ms)
  Rendered layouts/_header.html.erb (4.0ms)
Completed 200 OK in 453ms (Views: 443.1ms | ActiveRecord: 0.9ms)


Started GET "/messages" for ::1 at 2017-03-26 17:09:33 +0200
Processing by MessagesController#index as HTML
  [1m[36mUser Load (0.2ms)[0m  [1m[34mSELECT  "users".* FROM "users" WHERE "users"."id" = ? LIMIT ?[0m  [["id", 1], ["LIMIT", 1]]
  [1m[36mMessage Load (0.5ms)[0m  [1m[34mSELECT  "messages".* FROM "messages" ORDER BY "messages"."created_at" DESC LIMIT ?[0m  [["LIMIT", 50]]
  Rendering messages/index.html.erb within layouts/application
  [1m[36mCACHE (0.0ms)[0m  [1m[34mSELECT  "users".* FROM "users" WHERE "users"."id" = ? LIMIT ?[0m  [["id", 1], ["LIMIT", 1]]
  [1m[36mCACHE (0.0ms)[0m  [1m[34mSELECT  "users".* FROM "users" WHERE "users"."id" = ? LIMIT ?[0m  [["id", 1], ["LIMIT", 1]]
  Rendered collection of messages/_message.html.erb [2 times] (3.4ms)
  Rendered messages/_messages.html.erb (5.8ms)
  Rendered messages/_message_form.html.erb (1.5ms)
  Rendered messages/index.html.erb within layouts/application (12.1ms)
  Rendered layouts/_logo.html.erb (0.6ms)
  Rendered layouts/_header.html.erb (3.6ms)
Completed 200 OK in 145ms (Views: 136.3ms | ActiveRecord: 0.7ms)


Started GET "/messages" for ::1 at 2017-03-26 17:12:20 +0200
Processing by MessagesController#index as HTML
  [1m[36mUser Load (0.6ms)[0m  [1m[34mSELECT  "users".* FROM "users" WHERE "users"."id" = ? LIMIT ?[0m  [["id", 1], ["LIMIT", 1]]
  [1m[36mMessage Load (0.5ms)[0m  [1m[34mSELECT  "messages".* FROM "messages" ORDER BY "messages"."created_at" DESC LIMIT ?[0m  [["LIMIT", 50]]
  Rendering messages/index.html.erb within layouts/application
  [1m[36mCACHE (0.0ms)[0m  [1m[34mSELECT  "users".* FROM "users" WHERE "users"."id" = ? LIMIT ?[0m  [["id", 1], ["LIMIT", 1]]
  [1m[36mCACHE (0.0ms)[0m  [1m[34mSELECT  "users".* FROM "users" WHERE "users"."id" = ? LIMIT ?[0m  [["id", 1], ["LIMIT", 1]]
  Rendered collection of messages/_message.html.erb [2 times] (3.9ms)
  Rendered messages/_messages.html.erb (6.3ms)
  Rendered messages/_message_form.html.erb (1.3ms)
  Rendered messages/index.html.erb within layouts/application (12.8ms)
  Rendered layouts/_logo.html.erb (0.9ms)
  Rendered layouts/_header.html.erb (6.7ms)
Completed 200 OK in 135ms (Views: 126.3ms | ActiveRecord: 1.1ms)


Started GET "/messages" for ::1 at 2017-03-26 17:12:21 +0200
Processing by MessagesController#index as HTML
  [1m[36mUser Load (0.3ms)[0m  [1m[34mSELECT  "users".* FROM "users" WHERE "users"."id" = ? LIMIT ?[0m  [["id", 1], ["LIMIT", 1]]
  [1m[36mMessage Load (0.6ms)[0m  [1m[34mSELECT  "messages".* FROM "messages" ORDER BY "messages"."created_at" DESC LIMIT ?[0m  [["LIMIT", 50]]
  Rendering messages/index.html.erb within layouts/application
  [1m[36mCACHE (0.0ms)[0m  [1m[34mSELECT  "users".* FROM "users" WHERE "users"."id" = ? LIMIT ?[0m  [["id", 1], ["LIMIT", 1]]
  [1m[36mCACHE (0.0ms)[0m  [1m[34mSELECT  "users".* FROM "users" WHERE "users"."id" = ? LIMIT ?[0m  [["id", 1], ["LIMIT", 1]]
  Rendered collection of messages/_message.html.erb [2 times] (3.0ms)
  Rendered messages/_messages.html.erb (5.8ms)
  Rendered messages/_message_form.html.erb (1.3ms)
  Rendered messages/index.html.erb within layouts/application (12.8ms)
  Rendered layouts/_logo.html.erb (0.8ms)
  Rendered layouts/_header.html.erb (5.2ms)
Completed 200 OK in 65ms (Views: 55.5ms | ActiveRecord: 0.9ms)


Started GET "/messages" for ::1 at 2017-03-26 17:12:47 +0200
Processing by MessagesController#index as HTML
  [1m[36mUser Load (0.1ms)[0m  [1m[34mSELECT  "users".* FROM "users" WHERE "users"."id" = ? LIMIT ?[0m  [["id", 1], ["LIMIT", 1]]
  [1m[36mMessage Load (0.2ms)[0m  [1m[34mSELECT  "messages".* FROM "messages" ORDER BY "messages"."created_at" DESC LIMIT ?[0m  [["LIMIT", 50]]
  Rendering messages/index.html.erb within layouts/application
  [1m[36mCACHE (0.0ms)[0m  [1m[34mSELECT  "users".* FROM "users" WHERE "users"."id" = ? LIMIT ?[0m  [["id", 1], ["LIMIT", 1]]
  [1m[36mCACHE (0.0ms)[0m  [1m[34mSELECT  "users".* FROM "users" WHERE "users"."id" = ? LIMIT ?[0m  [["id", 1], ["LIMIT", 1]]
  Rendered collection of messages/_message.html.erb [2 times] (3.0ms)
  Rendered messages/_messages.html.erb (6.1ms)
  Rendered messages/_message_form.html.erb (2.0ms)
  Rendered messages/index.html.erb within layouts/application (13.1ms)
Completed 500 Internal Server Error in 267ms (ActiveRecord: 0.4ms)


  
ActionView::Template::Error (SyntaxError: [stdin]:5:20: reserved word 'function'):
     5:     <%= csrf_meta_tags %>
     6: 
     7:     <%= stylesheet_link_tag    'application', media: 'all', 'data-turbolinks-track': 'reload' %>
     8:     <%= javascript_include_tag 'application', 'data-turbolinks-track': 'reload' %>
     9:     <meta charset="utf-8">
    10:   </head>
    11: 
  
app/views/layouts/application.html.erb:8:in `_app_views_layouts_application_html_erb__3394592037380301049_70236782831160'
  Rendering /Users/diamant/.rbenv/versions/2.2.3/lib/ruby/gems/2.2.0/gems/actionpack-5.0.1/lib/action_dispatch/middleware/templates/rescues/template_error.html.erb within rescues/layout
  Rendering /Users/diamant/.rbenv/versions/2.2.3/lib/ruby/gems/2.2.0/gems/actionpack-5.0.1/lib/action_dispatch/middleware/templates/rescues/_source.html.erb
  Rendered /Users/diamant/.rbenv/versions/2.2.3/lib/ruby/gems/2.2.0/gems/actionpack-5.0.1/lib/action_dispatch/middleware/templates/rescues/_source.html.erb (15.5ms)
  Rendering /Users/diamant/.rbenv/versions/2.2.3/lib/ruby/gems/2.2.0/gems/actionpack-5.0.1/lib/action_dispatch/middleware/templates/rescues/_trace.html.erb
  Rendered /Users/diamant/.rbenv/versions/2.2.3/lib/ruby/gems/2.2.0/gems/actionpack-5.0.1/lib/action_dispatch/middleware/templates/rescues/_trace.html.erb (8.2ms)
  Rendering /Users/diamant/.rbenv/versions/2.2.3/lib/ruby/gems/2.2.0/gems/actionpack-5.0.1/lib/action_dispatch/middleware/templates/rescues/_request_and_response.html.erb
  Rendered /Users/diamant/.rbenv/versions/2.2.3/lib/ruby/gems/2.2.0/gems/actionpack-5.0.1/lib/action_dispatch/middleware/templates/rescues/_request_and_response.html.erb (1.5ms)
  Rendered /Users/diamant/.rbenv/versions/2.2.3/lib/ruby/gems/2.2.0/gems/actionpack-5.0.1/lib/action_dispatch/middleware/templates/rescues/template_error.html.erb within rescues/layout (135.7ms)
  Rendering /Users/diamant/.rbenv/versions/2.2.3/lib/ruby/gems/2.2.0/gems/web-console-3.1.1/lib/web_console/templates/index.html.erb
  Rendered /Users/diamant/.rbenv/versions/2.2.3/lib/ruby/gems/2.2.0/gems/web-console-3.1.1/lib/web_console/templates/_markup.html.erb (0.7ms)
  Rendering /Users/diamant/.rbenv/versions/2.2.3/lib/ruby/gems/2.2.0/gems/web-console-3.1.1/lib/web_console/templates/console.js.erb within layouts/javascript
  Rendering /Users/diamant/.rbenv/versions/2.2.3/lib/ruby/gems/2.2.0/gems/web-console-3.1.1/lib/web_console/templates/_inner_console_markup.html.erb within layouts/inlined_string
  Rendered /Users/diamant/.rbenv/versions/2.2.3/lib/ruby/gems/2.2.0/gems/web-console-3.1.1/lib/web_console/templates/_inner_console_markup.html.erb within layouts/inlined_string (0.7ms)
  Rendering /Users/diamant/.rbenv/versions/2.2.3/lib/ruby/gems/2.2.0/gems/web-console-3.1.1/lib/web_console/templates/_prompt_box_markup.html.erb within layouts/inlined_string
  Rendered /Users/diamant/.rbenv/versions/2.2.3/lib/ruby/gems/2.2.0/gems/web-console-3.1.1/lib/web_console/templates/_prompt_box_markup.html.erb within layouts/inlined_string (0.6ms)
  Rendering /Users/diamant/.rbenv/versions/2.2.3/lib/ruby/gems/2.2.0/gems/web-console-3.1.1/lib/web_console/templates/style.css.erb within layouts/inlined_string
  Rendered /Users/diamant/.rbenv/versions/2.2.3/lib/ruby/gems/2.2.0/gems/web-console-3.1.1/lib/web_console/templates/style.css.erb within layouts/inlined_string (0.7ms)
  Rendered /Users/diamant/.rbenv/versions/2.2.3/lib/ruby/gems/2.2.0/gems/web-console-3.1.1/lib/web_console/templates/console.js.erb within layouts/javascript (116.9ms)
  Rendering /Users/diamant/.rbenv/versions/2.2.3/lib/ruby/gems/2.2.0/gems/web-console-3.1.1/lib/web_console/templates/main.js.erb within layouts/javascript
  Rendered /Users/diamant/.rbenv/versions/2.2.3/lib/ruby/gems/2.2.0/gems/web-console-3.1.1/lib/web_console/templates/main.js.erb within layouts/javascript (0.5ms)
  Rendered /Users/diamant/.rbenv/versions/2.2.3/lib/ruby/gems/2.2.0/gems/web-console-3.1.1/lib/web_console/templates/index.html.erb (220.8ms)
Started GET "/messages" for ::1 at 2017-03-26 17:12:59 +0200
Processing by MessagesController#index as HTML
  [1m[36mUser Load (0.3ms)[0m  [1m[34mSELECT  "users".* FROM "users" WHERE "users"."id" = ? LIMIT ?[0m  [["id", 1], ["LIMIT", 1]]
  [1m[36mMessage Load (0.4ms)[0m  [1m[34mSELECT  "messages".* FROM "messages" ORDER BY "messages"."created_at" DESC LIMIT ?[0m  [["LIMIT", 50]]
  Rendering messages/index.html.erb within layouts/application
  [1m[36mCACHE (0.0ms)[0m  [1m[34mSELECT  "users".* FROM "users" WHERE "users"."id" = ? LIMIT ?[0m  [["id", 1], ["LIMIT", 1]]
  [1m[36mCACHE (0.0ms)[0m  [1m[34mSELECT  "users".* FROM "users" WHERE "users"."id" = ? LIMIT ?[0m  [["id", 1], ["LIMIT", 1]]
  Rendered collection of messages/_message.html.erb [2 times] (4.2ms)
  Rendered messages/_messages.html.erb (6.5ms)
  Rendered messages/_message_form.html.erb (2.3ms)
  Rendered messages/index.html.erb within layouts/application (13.3ms)
  Rendered layouts/_logo.html.erb (0.4ms)
  Rendered layouts/_header.html.erb (3.3ms)
Completed 200 OK in 368ms (Views: 360.3ms | ActiveRecord: 0.7ms)


Started GET "/messages" for ::1 at 2017-03-26 17:13:00 +0200
Processing by MessagesController#index as HTML
  [1m[36mUser Load (0.2ms)[0m  [1m[34mSELECT  "users".* FROM "users" WHERE "users"."id" = ? LIMIT ?[0m  [["id", 1], ["LIMIT", 1]]
  [1m[36mMessage Load (0.5ms)[0m  [1m[34mSELECT  "messages".* FROM "messages" ORDER BY "messages"."created_at" DESC LIMIT ?[0m  [["LIMIT", 50]]
  Rendering messages/index.html.erb within layouts/application
  [1m[36mCACHE (0.0ms)[0m  [1m[34mSELECT  "users".* FROM "users" WHERE "users"."id" = ? LIMIT ?[0m  [["id", 1], ["LIMIT", 1]]
  [1m[36mCACHE (0.0ms)[0m  [1m[34mSELECT  "users".* FROM "users" WHERE "users"."id" = ? LIMIT ?[0m  [["id", 1], ["LIMIT", 1]]
  Rendered collection of messages/_message.html.erb [2 times] (4.0ms)
  Rendered messages/_messages.html.erb (6.7ms)
  Rendered messages/_message_form.html.erb (1.8ms)
  Rendered messages/index.html.erb within layouts/application (12.8ms)
  Rendered layouts/_logo.html.erb (0.8ms)
  Rendered layouts/_header.html.erb (4.1ms)
Completed 200 OK in 61ms (Views: 52.6ms | ActiveRecord: 0.7ms)


Started GET "/messages" for ::1 at 2017-03-26 17:13:03 +0200
Processing by MessagesController#index as HTML
  [1m[36mUser Load (0.1ms)[0m  [1m[34mSELECT  "users".* FROM "users" WHERE "users"."id" = ? LIMIT ?[0m  [["id", 1], ["LIMIT", 1]]
  [1m[36mMessage Load (0.4ms)[0m  [1m[34mSELECT  "messages".* FROM "messages" ORDER BY "messages"."created_at" DESC LIMIT ?[0m  [["LIMIT", 50]]
  Rendering messages/index.html.erb within layouts/application
  [1m[36mCACHE (0.0ms)[0m  [1m[34mSELECT  "users".* FROM "users" WHERE "users"."id" = ? LIMIT ?[0m  [["id", 1], ["LIMIT", 1]]
  [1m[36mCACHE (0.0ms)[0m  [1m[34mSELECT  "users".* FROM "users" WHERE "users"."id" = ? LIMIT ?[0m  [["id", 1], ["LIMIT", 1]]
  Rendered collection of messages/_message.html.erb [2 times] (3.1ms)
  Rendered messages/_messages.html.erb (5.8ms)
  Rendered messages/_message_form.html.erb (1.5ms)
  Rendered messages/index.html.erb within layouts/application (12.4ms)
  Rendered layouts/_logo.html.erb (0.4ms)
  Rendered layouts/_header.html.erb (3.0ms)
Completed 200 OK in 55ms (Views: 48.5ms | ActiveRecord: 0.5ms)


Started GET "/messages" for ::1 at 2017-03-26 17:13:33 +0200
Processing by MessagesController#index as HTML
  [1m[36mUser Load (0.1ms)[0m  [1m[34mSELECT  "users".* FROM "users" WHERE "users"."id" = ? LIMIT ?[0m  [["id", 1], ["LIMIT", 1]]
  [1m[36mMessage Load (0.2ms)[0m  [1m[34mSELECT  "messages".* FROM "messages" ORDER BY "messages"."created_at" DESC LIMIT ?[0m  [["LIMIT", 50]]
  Rendering messages/index.html.erb within layouts/application
  [1m[36mCACHE (0.0ms)[0m  [1m[34mSELECT  "users".* FROM "users" WHERE "users"."id" = ? LIMIT ?[0m  [["id", 1], ["LIMIT", 1]]
  [1m[36mCACHE (0.0ms)[0m  [1m[34mSELECT  "users".* FROM "users" WHERE "users"."id" = ? LIMIT ?[0m  [["id", 1], ["LIMIT", 1]]
  Rendered collection of messages/_message.html.erb [2 times] (4.0ms)
  Rendered messages/_messages.html.erb (6.7ms)
  Rendered messages/_message_form.html.erb (1.9ms)
  Rendered messages/index.html.erb within layouts/application (14.1ms)
  Rendered layouts/_logo.html.erb (0.7ms)
  Rendered layouts/_header.html.erb (5.0ms)
Completed 200 OK in 350ms (Views: 344.4ms | ActiveRecord: 0.4ms)


